<?xml version="1.0" encoding="UTF-8"?>
<!-- Generated by org.testng.reporters.JUnitReportReporter -->
<testsuite hostname="DESKTOP-VAB9J8J" failures="0" tests="1" name="com.lambdatest.TestNGTodo2" time="28.813" errors="0" timestamp="15 Feb 2022 05:15:12 GMT" skipped="0">
  <testcase classname="com.lambdatest.TestNGTodo2" name="basicTest" time="28.813"/>
</testsuite> <!-- com.lambdatest.TestNGTodo2 -->
